<?xml version="1.0" encoding="UTF-8"?>
<!-- Generated by org.testng.reporters.JUnitReportReporter -->
<testsuite hostname="USVAWXMCS0064" failures="0" tests="1" name="com.testrunnner.TestRunner" time="35.699" errors="0" timestamp="02 Nov 2021 12:54:03 GMT" skipped="0">
  <testcase classname="com.testrunnner.TestRunner" name="feature" time="35.699"/>
</testsuite> <!-- com.testrunnner.TestRunner -->
